<?xml version="1.0" encoding="UTF-8"?>
<!-- Generated by org.testng.reporters.JUnitXMLReporter -->
<testsuite ignored="0" hostname="DESKTOP-SLGF53B" failures="0" tests="11" name="Test" time="5.283" errors="0" timestamp="2023-02-12T15:10:46 GMT">
  <testcase classname="org.testing.testcases.TC1_PostRequest" name="testCase1" time="1.261"/>
  <testcase classname="org.testing.testcases.TC3_getParticularRequest" name="testCase3_2" time="0.086"/>
  <testcase classname="org.testing.testcases.TC6_getAllEmployess" name="testCase6" time="0.893"/>
  <testcase classname="org.testing.testcases.TC8_PostEmployee" name="testCase8" time="0.947"/>
  <testcase classname="org.testing.testcases.TC9_UpdateEmployee" name="testCase9" time="0.722"/>
  <testcase classname="org.testing.testcases.TC7_getParticularEmployee" name="testCase7" time="0.653"/>
  <testcase classname="org.testing.testcases.TC3_getAllRequest" name="testCase3" time="0.025"/>
  <testcase classname="org.testing.testcases.TC2_replaceVarPost" name="testCase2" time="0.506"/>
  <testcase classname="org.testing.testcases.TC5_deleteRequest" name="testCase5" time="0.033"/>
  <testcase classname="org.testing.testcases.TC4_updateRequest" name="testCase4" time="0.046"/>
  <testcase classname="org.testing.testcases.TC3_getAllRequestUsingOrgJson" name="testCase3_1" time="0.058"/>
</testsuite> <!-- Test -->
