<?xml version="1.0" encoding="UTF-8"?>
<!-- Generated by org.testng.reporters.JUnitXMLReporter -->
<testsuite ignored="0" hostname="DESKTOP-SLGF53B" failures="0" tests="11" name="Test" time="5.088" errors="0" timestamp="2023-02-13T00:04:47 GMT">
  <testcase classname="org.testing.testcases.TC1_PostRequest" name="testCase1" time="1.415"/>
  <testcase classname="org.testing.testcases.TC3_getParticularRequest" name="testCase3_2" time="0.067"/>
  <testcase classname="org.testing.testcases.TC6_getAllEmployess" name="testCase6" time="0.969"/>
  <testcase classname="org.testing.testcases.TC8_PostEmployee" name="testCase8" time="0.683"/>
  <testcase classname="org.testing.testcases.TC9_UpdateEmployee" name="testCase9" time="0.605"/>
  <testcase classname="org.testing.testcases.TC7_getParticularEmployee" name="testCase7" time="0.596"/>
  <testcase classname="org.testing.testcases.TC3_getAllRequest" name="testCase3" time="0.045"/>
  <testcase classname="org.testing.testcases.TC2_replaceVarPost" name="testCase2" time="0.551"/>
  <testcase classname="org.testing.testcases.TC5_deleteRequest" name="testCase5" time="0.016"/>
  <testcase classname="org.testing.testcases.TC4_updateRequest" name="testCase4" time="0.024"/>
  <testcase classname="org.testing.testcases.TC3_getAllRequestUsingOrgJson" name="testCase3_1" time="0.056"/>
</testsuite> <!-- Test -->
