<?xml version="1.0" encoding="UTF-8"?>
<!-- Generated by org.testng.reporters.JUnitXMLReporter -->
<testsuite ignored="0" hostname="DESKTOP-SLGF53B" failures="0" tests="11" name="Test" time="5.167" errors="0" timestamp="2023-02-12T15:12:58 GMT">
  <testcase classname="org.testing.testcases.TC1_PostRequest" name="testCase1" time="1.233"/>
  <testcase classname="org.testing.testcases.TC3_getParticularRequest" name="testCase3_2" time="0.073"/>
  <testcase classname="org.testing.testcases.TC6_getAllEmployess" name="testCase6" time="0.922"/>
  <testcase classname="org.testing.testcases.TC8_PostEmployee" name="testCase8" time="0.715"/>
  <testcase classname="org.testing.testcases.TC9_UpdateEmployee" name="testCase9" time="0.893"/>
  <testcase classname="org.testing.testcases.TC7_getParticularEmployee" name="testCase7" time="0.63"/>
  <testcase classname="org.testing.testcases.TC3_getAllRequest" name="testCase3" time="0.039"/>
  <testcase classname="org.testing.testcases.TC2_replaceVarPost" name="testCase2" time="0.492"/>
  <testcase classname="org.testing.testcases.TC5_deleteRequest" name="testCase5" time="0.025"/>
  <testcase classname="org.testing.testcases.TC4_updateRequest" name="testCase4" time="0.047"/>
  <testcase classname="org.testing.testcases.TC3_getAllRequestUsingOrgJson" name="testCase3_1" time="0.053"/>
</testsuite> <!-- Test -->
