<?xml version="1.0" encoding="UTF-8"?>
<testsuite xmlns:xsi="http://www.w3.org/2001/XMLSchema-instance" xsi:noNamespaceSchemaLocation="https://maven.apache.org/surefire/maven-surefire-plugin/xsd/surefire-test-report.xsd" name="TestSuite" time="6.082" tests="11" errors="0" skipped="0" failures="0">
  <properties>
[...]
</properties>
  <testcase name="testCase1" classname="org.testing.testcases.TC1_PostRequest" time="1.418"/>
  <testcase name="testCase3_2" classname="org.testing.testcases.TC3_getParticularRequest" time="0.065"/>
  <testcase name="testCase6" classname="org.testing.testcases.TC6_getAllEmployess" time="0.969"/>
  <testcase name="testCase8" classname="org.testing.testcases.TC8_PostEmployee" time="0.685"/>
  <testcase name="testCase9" classname="org.testing.testcases.TC9_UpdateEmployee" time="0.605"/>
  <testcase name="testCase7" classname="org.testing.testcases.TC7_getParticularEmployee" time="0.596"/>
  <testcase name="testCase3" classname="org.testing.testcases.TC3_getAllRequest" time="0.045"/>
  <testcase name="testCase2" classname="org.testing.testcases.TC2_replaceVarPost" time="0.557"/>
  <testcase name="testCase5" classname="org.testing.testcases.TC5_deleteRequest" time="0.016"/>
  <testcase name="testCase4" classname="org.testing.testcases.TC4_updateRequest" time="0.024"/>
  <testcase name="testCase3_1" classname="org.testing.testcases.TC3_getAllRequestUsingOrgJson" time="0.057"/>
</testsuite>