<?xml version="1.0" encoding="UTF-8"?>
<testng-results ignored="0" total="11" passed="11" failed="0" skipped="0">
  <reporter-output>
  </reporter-output>
  <suite started-at="2023-02-13T00:04:42 GMT" name="Suite" finished-at="2023-02-13T00:04:47 GMT" duration-ms="5088">
    <groups>
    </groups>
    <test started-at="2023-02-13T00:04:42 GMT" name="Test" finished-at="2023-02-13T00:04:47 GMT" duration-ms="5088">
      <class name="org.testing.testcases.TC5_deleteRequest">
        <test-method signature="testCase5()[pri:0, instance:org.testing.testcases.TC5_deleteRequest@1ed1993a]" started-at="2023-02-13T00:04:47 GMT" name="testCase5" finished-at="2023-02-13T00:04:47 GMT" duration-ms="16" status="PASS">
          <reporter-output>
          </reporter-output>
        </test-method> <!-- testCase5 -->
      </class> <!-- org.testing.testcases.TC5_deleteRequest -->
      <class name="org.testing.testcases.TC4_updateRequest">
        <test-method signature="testCase4()[pri:0, instance:org.testing.testcases.TC4_updateRequest@1f3f4916]" started-at="2023-02-13T00:04:47 GMT" name="testCase4" finished-at="2023-02-13T00:04:47 GMT" duration-ms="24" status="PASS">
          <reporter-output>
          </reporter-output>
        </test-method> <!-- testCase4 -->
      </class> <!-- org.testing.testcases.TC4_updateRequest -->
      <class name="org.testing.testcases.TC3_getParticularRequest">
        <test-method signature="testCase3_2()[pri:0, instance:org.testing.testcases.TC3_getParticularRequest@670002]" started-at="2023-02-13T00:04:43 GMT" name="testCase3_2" finished-at="2023-02-13T00:04:44 GMT" duration-ms="67" status="PASS">
          <reporter-output>
          </reporter-output>
        </test-method> <!-- testCase3_2 -->
      </class> <!-- org.testing.testcases.TC3_getParticularRequest -->
      <class name="org.testing.testcases.TC7_getParticularEmployee">
        <test-method signature="testCase7()[pri:0, instance:org.testing.testcases.TC7_getParticularEmployee@6e0dec4a]" started-at="2023-02-13T00:04:46 GMT" name="testCase7" finished-at="2023-02-13T00:04:46 GMT" duration-ms="596" status="PASS">
          <reporter-output>
          </reporter-output>
        </test-method> <!-- testCase7 -->
      </class> <!-- org.testing.testcases.TC7_getParticularEmployee -->
      <class name="org.testing.testcases.TC8_PostEmployee">
        <test-method signature="testCase8()[pri:0, instance:org.testing.testcases.TC8_PostEmployee@49c386c8]" started-at="2023-02-13T00:04:45 GMT" name="testCase8" finished-at="2023-02-13T00:04:45 GMT" duration-ms="683" status="PASS">
          <reporter-output>
          </reporter-output>
        </test-method> <!-- testCase8 -->
      </class> <!-- org.testing.testcases.TC8_PostEmployee -->
      <class name="org.testing.testcases.TC2_replaceVarPost">
        <test-method signature="testCase2()[pri:0, instance:org.testing.testcases.TC2_replaceVarPost@5ccddd20]" started-at="2023-02-13T00:04:46 GMT" name="testCase2" finished-at="2023-02-13T00:04:47 GMT" duration-ms="551" status="PASS">
          <reporter-output>
          </reporter-output>
        </test-method> <!-- testCase2 -->
      </class> <!-- org.testing.testcases.TC2_replaceVarPost -->
      <class name="org.testing.testcases.TC6_getAllEmployess">
        <test-method signature="testCase6()[pri:0, instance:org.testing.testcases.TC6_getAllEmployess@1f0f1111]" started-at="2023-02-13T00:04:44 GMT" name="testCase6" finished-at="2023-02-13T00:04:45 GMT" duration-ms="969" status="PASS">
          <reporter-output>
          </reporter-output>
        </test-method> <!-- testCase6 -->
      </class> <!-- org.testing.testcases.TC6_getAllEmployess -->
      <class name="org.testing.testcases.TC3_getAllRequest">
        <test-method signature="testCase3()[pri:0, instance:org.testing.testcases.TC3_getAllRequest@96def03]" started-at="2023-02-13T00:04:46 GMT" name="testCase3" finished-at="2023-02-13T00:04:46 GMT" duration-ms="45" status="PASS">
          <reporter-output>
          </reporter-output>
        </test-method> <!-- testCase3 -->
      </class> <!-- org.testing.testcases.TC3_getAllRequest -->
      <class name="org.testing.testcases.TC3_getAllRequestUsingOrgJson">
        <test-method signature="testCase3_1()[pri:0, instance:org.testing.testcases.TC3_getAllRequestUsingOrgJson@794cb805]" started-at="2023-02-13T00:04:47 GMT" name="testCase3_1" finished-at="2023-02-13T00:04:47 GMT" duration-ms="56" status="PASS">
          <reporter-output>
          </reporter-output>
        </test-method> <!-- testCase3_1 -->
      </class> <!-- org.testing.testcases.TC3_getAllRequestUsingOrgJson -->
      <class name="org.testing.testcases.TC9_UpdateEmployee">
        <test-method signature="testCase9()[pri:0, instance:org.testing.testcases.TC9_UpdateEmployee@56528192]" started-at="2023-02-13T00:04:45 GMT" name="testCase9" finished-at="2023-02-13T00:04:46 GMT" duration-ms="605" status="PASS">
          <reporter-output>
          </reporter-output>
        </test-method> <!-- testCase9 -->
      </class> <!-- org.testing.testcases.TC9_UpdateEmployee -->
      <class name="org.testing.testcases.TC1_PostRequest">
        <test-method signature="testCase1()[pri:0, instance:org.testing.testcases.TC1_PostRequest@48fa0f47]" started-at="2023-02-13T00:04:42 GMT" name="testCase1" finished-at="2023-02-13T00:04:43 GMT" duration-ms="1415" status="PASS">
          <reporter-output>
          </reporter-output>
        </test-method> <!-- testCase1 -->
      </class> <!-- org.testing.testcases.TC1_PostRequest -->
    </test> <!-- Test -->
  </suite> <!-- Suite -->
</testng-results>
