<?xml version="1.0" encoding="UTF-8"?>
<testng-results ignored="0" total="1" passed="1" failed="0" skipped="0">
  <reporter-output>
  </reporter-output>
  <suite started-at="2023-03-09T11:53:54 GMT" name="Default suite" finished-at="2023-03-09T11:53:54 GMT" duration-ms="51">
    <groups>
    </groups>
    <test started-at="2023-03-09T11:53:54 GMT" name="Default test" finished-at="2023-03-09T11:53:54 GMT" duration-ms="51">
      <class name="org.testing.testcases.TC10_XmltoJson">
        <test-method signature="testCase11()[pri:0, instance:org.testing.testcases.TC10_XmltoJson@8dbdac1]" started-at="2023-03-09T11:53:54 GMT" name="testCase11" finished-at="2023-03-09T11:53:54 GMT" duration-ms="19" status="PASS">
          <reporter-output>
          </reporter-output>
        </test-method> <!-- testCase11 -->
      </class> <!-- org.testing.testcases.TC10_XmltoJson -->
    </test> <!-- Default test -->
  </suite> <!-- Default suite -->
</testng-results>
